<?xml version="1.0" encoding="UTF-8"?>
<testsuite name="com.tourGuide.rewards.RewardsApplicationTests" tests="1" skipped="0" failures="0" errors="0" timestamp="2020-12-30T19:55:19" hostname="PC-LUDO-2020" time="0.003">
  <properties/>
  <testcase name="contextLoads()" classname="com.tourGuide.rewards.RewardsApplicationTests" time="0.003"/>
  <system-out><![CDATA[2020-12-30 20:55:17.660  INFO 31720 --- [    Test worker] .b.t.c.SpringBootTestContextBootstrapper : Neither @ContextConfiguration nor @ContextHierarchy found for test class [com.tourGuide.rewards.RewardsApplicationTests], using SpringBootContextLoader
2020-12-30 20:55:17.662  INFO 31720 --- [    Test worker] o.s.t.c.support.AbstractContextLoader    : Could not detect default resource locations for test class [com.tourGuide.rewards.RewardsApplicationTests]: no resource found for suffixes {-context.xml, Context.groovy}.
2020-12-30 20:55:17.662  INFO 31720 --- [    Test worker] t.c.s.AnnotationConfigContextLoaderUtils : Could not detect default configuration classes for test class [com.tourGuide.rewards.RewardsApplicationTests]: RewardsApplicationTests does not declare any static, non-private, non-final, nested classes annotated with @Configuration.
2020-12-30 20:55:17.666  INFO 31720 --- [    Test worker] .b.t.c.SpringBootTestContextBootstrapper : Found @SpringBootConfiguration com.tourGuide.rewards.RewardsApplication for test class com.tourGuide.rewards.RewardsApplicationTests
2020-12-30 20:55:17.668  INFO 31720 --- [    Test worker] .b.t.c.SpringBootTestContextBootstrapper : Loaded default TestExecutionListener class names from location [META-INF/spring.factories]: [org.springframework.boot.test.autoconfigure.restdocs.RestDocsTestExecutionListener, org.springframework.boot.test.autoconfigure.web.client.MockRestServiceServerResetTestExecutionListener, org.springframework.boot.test.autoconfigure.web.servlet.MockMvcPrintOnlyOnFailureTestExecutionListener, org.springframework.boot.test.autoconfigure.web.servlet.WebDriverTestExecutionListener, org.springframework.boot.test.autoconfigure.webservices.client.MockWebServiceServerTestExecutionListener, org.springframework.boot.test.mock.mockito.MockitoTestExecutionListener, org.springframework.boot.test.mock.mockito.ResetMocksTestExecutionListener, org.springframework.test.context.web.ServletTestExecutionListener, org.springframework.test.context.support.DirtiesContextBeforeModesTestExecutionListener, org.springframework.test.context.support.DependencyInjectionTestExecutionListener, org.springframework.test.context.support.DirtiesContextTestExecutionListener, org.springframework.test.context.transaction.TransactionalTestExecutionListener, org.springframework.test.context.jdbc.SqlScriptsTestExecutionListener, org.springframework.test.context.event.EventPublishingTestExecutionListener]
2020-12-30 20:55:17.670  INFO 31720 --- [    Test worker] .b.t.c.SpringBootTestContextBootstrapper : Using TestExecutionListeners: [org.springframework.test.context.web.ServletTestExecutionListener@49c712a7, org.springframework.test.context.support.DirtiesContextBeforeModesTestExecutionListener@517c2570, org.springframework.boot.test.mock.mockito.MockitoTestExecutionListener@2b4fa15c, org.springframework.boot.test.autoconfigure.SpringBootDependencyInjectionTestExecutionListener@11452ec5, org.springframework.test.context.support.DirtiesContextTestExecutionListener@60e64460, org.springframework.test.context.event.EventPublishingTestExecutionListener@5081baa9, org.springframework.boot.test.autoconfigure.restdocs.RestDocsTestExecutionListener@612b4a4, org.springframework.boot.test.autoconfigure.web.client.MockRestServiceServerResetTestExecutionListener@3e9991a5, org.springframework.boot.test.autoconfigure.web.servlet.MockMvcPrintOnlyOnFailureTestExecutionListener@6c0e1752, org.springframework.boot.test.autoconfigure.web.servlet.WebDriverTestExecutionListener@3107bc88, org.springframework.boot.test.autoconfigure.webservices.client.MockWebServiceServerTestExecutionListener@22a39998, org.springframework.boot.test.mock.mockito.ResetMocksTestExecutionListener@504530d0]

  .   ____          _            __ _ _
 /\\ / ___'_ __ _ _(_)_ __  __ _ \ \ \ \
( ( )\___ | '_ | '_| | '_ \/ _` | \ \ \ \
 \\/  ___)| |_)| | | | | || (_| |  ) ) ) )
  '  |____| .__|_| |_|_| |_\__, | / / / /
 =========|_|==============|___/=/_/_/_/
 :: Spring Boot ::       (v2.4.0-SNAPSHOT)

2020-12-30 20:55:17.739  INFO 31720 --- [    Test worker] c.t.rewards.RewardsApplicationTests      : Starting RewardsApplicationTests using Java 14.0.2 on PC-LUDO-2020 with PID 31720 (started by Ludo in C:\Users\Ludo\Documents\Eclipse\workspace\TourGuide\TourGuide-Rewards)
2020-12-30 20:55:17.739  INFO 31720 --- [    Test worker] c.t.rewards.RewardsApplicationTests      : The following profiles are active: dev
2020-12-30 20:55:18.158  INFO 31720 --- [    Test worker] o.s.cloud.context.scope.GenericScope     : BeanFactory id=f7b6ab52-de19-371a-9912-7a5f32bca41c
2020-12-30 20:55:18.192  INFO 31720 --- [    Test worker] trationDelegate$BeanPostProcessorChecker : Bean 'com.tourGuide.rewards.proxies.MicroserviceGpsProxy' of type [org.springframework.cloud.openfeign.FeignClientFactoryBean] is not eligible for getting processed by all BeanPostProcessors (for example: not eligible for auto-proxying)
2020-12-30 20:55:18.722  INFO 31720 --- [    Test worker] o.s.b.a.e.web.EndpointLinksResolver      : Exposing 2 endpoint(s) beneath base path '/actuator'
2020-12-30 20:55:18.973  INFO 31720 --- [    Test worker] o.s.s.concurrent.ThreadPoolTaskExecutor  : Initializing ExecutorService 'applicationTaskExecutor'
2020-12-30 20:55:19.349  INFO 31720 --- [    Test worker] c.t.rewards.RewardsApplicationTests      : Started RewardsApplicationTests in 1.676 seconds (JVM running for 16.811)
]]></system-out>
  <system-err><![CDATA[]]></system-err>
</testsuite>
