<?xml version="1.0" encoding="UTF-8"?>
<testsuite name="com.tourGuide.rewards.controllers.RewardsControllerIT" tests="4" skipped="0" failures="0" errors="0" timestamp="2020-12-30T19:55:11" hostname="PC-LUDO-2020" time="5.971">
  <properties/>
  <testcase name="Get Attraction Rewards - OK" classname="com.tourGuide.rewards.controllers.RewardsControllerIT" time="0.14"/>
  <testcase name="Get Attraction Rewards - ERROR - User UUID null" classname="com.tourGuide.rewards.controllers.RewardsControllerIT" time="0.031"/>
  <testcase name="Calculate Rewards - OK" classname="com.tourGuide.rewards.controllers.RewardsControllerIT" time="0.108"/>
  <testcase name="Get Attraction Rewards - ERROR - Attraction UUID null" classname="com.tourGuide.rewards.controllers.RewardsControllerIT" time="0.015"/>
  <system-out><![CDATA[20:55:04.127 [Test worker] DEBUG org.springframework.test.context.BootstrapUtils - Instantiating CacheAwareContextLoaderDelegate from class [org.springframework.test.context.cache.DefaultCacheAwareContextLoaderDelegate]
20:55:04.181 [Test worker] DEBUG org.springframework.test.context.BootstrapUtils - Instantiating BootstrapContext using constructor [public org.springframework.test.context.support.DefaultBootstrapContext(java.lang.Class,org.springframework.test.context.CacheAwareContextLoaderDelegate)]
20:55:04.269 [Test worker] DEBUG org.springframework.test.context.BootstrapUtils - Instantiating TestContextBootstrapper for test class [com.tourGuide.rewards.controllers.RewardsControllerIT] from class [org.springframework.boot.test.context.SpringBootTestContextBootstrapper]
20:55:04.291 [Test worker] INFO org.springframework.boot.test.context.SpringBootTestContextBootstrapper - Neither @ContextConfiguration nor @ContextHierarchy found for test class [com.tourGuide.rewards.controllers.RewardsControllerIT], using SpringBootContextLoader
20:55:04.305 [Test worker] DEBUG org.springframework.test.context.support.AbstractContextLoader - Did not detect default resource location for test class [com.tourGuide.rewards.controllers.RewardsControllerIT]: class path resource [com/tourGuide/rewards/controllers/RewardsControllerIT-context.xml] does not exist
20:55:04.307 [Test worker] DEBUG org.springframework.test.context.support.AbstractContextLoader - Did not detect default resource location for test class [com.tourGuide.rewards.controllers.RewardsControllerIT]: class path resource [com/tourGuide/rewards/controllers/RewardsControllerITContext.groovy] does not exist
20:55:04.308 [Test worker] INFO org.springframework.test.context.support.AbstractContextLoader - Could not detect default resource locations for test class [com.tourGuide.rewards.controllers.RewardsControllerIT]: no resource found for suffixes {-context.xml, Context.groovy}.
20:55:04.311 [Test worker] INFO org.springframework.test.context.support.AnnotationConfigContextLoaderUtils - Could not detect default configuration classes for test class [com.tourGuide.rewards.controllers.RewardsControllerIT]: RewardsControllerIT does not declare any static, non-private, non-final, nested classes annotated with @Configuration.
20:55:04.461 [Test worker] DEBUG org.springframework.test.context.support.ActiveProfilesUtils - Could not find an 'annotation declaring class' for annotation type [org.springframework.test.context.ActiveProfiles] and class [com.tourGuide.rewards.controllers.RewardsControllerIT]
20:55:04.613 [Test worker] DEBUG org.springframework.context.annotation.ClassPathScanningCandidateComponentProvider - Identified candidate component class: file [C:\Users\Ludo\Documents\Eclipse\workspace\TourGuide\TourGuide-Rewards\build\classes\java\main\com\tourGuide\rewards\RewardsApplication.class]
20:55:04.615 [Test worker] INFO org.springframework.boot.test.context.SpringBootTestContextBootstrapper - Found @SpringBootConfiguration com.tourGuide.rewards.RewardsApplication for test class com.tourGuide.rewards.controllers.RewardsControllerIT
20:55:04.839 [Test worker] DEBUG org.springframework.boot.test.context.SpringBootTestContextBootstrapper - @TestExecutionListeners is not present for class [com.tourGuide.rewards.controllers.RewardsControllerIT]: using defaults.
20:55:04.840 [Test worker] INFO org.springframework.boot.test.context.SpringBootTestContextBootstrapper - Loaded default TestExecutionListener class names from location [META-INF/spring.factories]: [org.springframework.boot.test.autoconfigure.restdocs.RestDocsTestExecutionListener, org.springframework.boot.test.autoconfigure.web.client.MockRestServiceServerResetTestExecutionListener, org.springframework.boot.test.autoconfigure.web.servlet.MockMvcPrintOnlyOnFailureTestExecutionListener, org.springframework.boot.test.autoconfigure.web.servlet.WebDriverTestExecutionListener, org.springframework.boot.test.autoconfigure.webservices.client.MockWebServiceServerTestExecutionListener, org.springframework.boot.test.mock.mockito.MockitoTestExecutionListener, org.springframework.boot.test.mock.mockito.ResetMocksTestExecutionListener, org.springframework.test.context.web.ServletTestExecutionListener, org.springframework.test.context.support.DirtiesContextBeforeModesTestExecutionListener, org.springframework.test.context.support.DependencyInjectionTestExecutionListener, org.springframework.test.context.support.DirtiesContextTestExecutionListener, org.springframework.test.context.transaction.TransactionalTestExecutionListener, org.springframework.test.context.jdbc.SqlScriptsTestExecutionListener, org.springframework.test.context.event.EventPublishingTestExecutionListener]
20:55:04.872 [Test worker] DEBUG org.springframework.boot.test.context.SpringBootTestContextBootstrapper - Skipping candidate TestExecutionListener [org.springframework.test.context.transaction.TransactionalTestExecutionListener] due to a missing dependency. Specify custom listener classes or make the default listener classes and their required dependencies available. Offending class: [org/springframework/transaction/interceptor/TransactionAttributeSource]
20:55:04.874 [Test worker] DEBUG org.springframework.boot.test.context.SpringBootTestContextBootstrapper - Skipping candidate TestExecutionListener [org.springframework.test.context.jdbc.SqlScriptsTestExecutionListener] due to a missing dependency. Specify custom listener classes or make the default listener classes and their required dependencies available. Offending class: [org/springframework/transaction/interceptor/TransactionAttribute]
20:55:04.875 [Test worker] INFO org.springframework.boot.test.context.SpringBootTestContextBootstrapper - Using TestExecutionListeners: [org.springframework.test.context.web.ServletTestExecutionListener@65d7ca4f, org.springframework.test.context.support.DirtiesContextBeforeModesTestExecutionListener@1368045d, org.springframework.boot.test.mock.mockito.MockitoTestExecutionListener@15fd47db, org.springframework.boot.test.autoconfigure.SpringBootDependencyInjectionTestExecutionListener@41a57cdb, org.springframework.test.context.support.DirtiesContextTestExecutionListener@1afb4312, org.springframework.test.context.event.EventPublishingTestExecutionListener@49e2f6fc, org.springframework.boot.test.autoconfigure.restdocs.RestDocsTestExecutionListener@36deb384, org.springframework.boot.test.autoconfigure.web.client.MockRestServiceServerResetTestExecutionListener@5cf75220, org.springframework.boot.test.autoconfigure.web.servlet.MockMvcPrintOnlyOnFailureTestExecutionListener@1c54697f, org.springframework.boot.test.autoconfigure.web.servlet.WebDriverTestExecutionListener@42df291f, org.springframework.boot.test.autoconfigure.webservices.client.MockWebServiceServerTestExecutionListener@15ee053, org.springframework.boot.test.mock.mockito.ResetMocksTestExecutionListener@67ded40a]
20:55:04.883 [Test worker] DEBUG org.springframework.test.context.support.AbstractDirtiesContextTestExecutionListener - Before test class: context [DefaultTestContext@7459ca32 testClass = RewardsControllerIT, testInstance = [null], testMethod = [null], testException = [null], mergedContextConfiguration = [WebMergedContextConfiguration@61c4d80a testClass = RewardsControllerIT, locations = '{}', classes = '{class com.tourGuide.rewards.RewardsApplication}', contextInitializerClasses = '[]', activeProfiles = '{}', propertySourceLocations = '{}', propertySourceProperties = '{org.springframework.boot.test.context.SpringBootTestContextBootstrapper=true}', contextCustomizers = set[org.springframework.boot.test.autoconfigure.actuate.metrics.MetricsExportContextCustomizerFactory$DisableMetricExportContextCustomizer@2f9f6e24, org.springframework.boot.test.autoconfigure.properties.PropertyMappingContextCustomizer@4b3fa0b3, org.springframework.boot.test.autoconfigure.web.servlet.WebDriverContextCustomizerFactory$Customizer@406d162d, [ImportsContextCustomizer@4d3c4670 key = [org.springframework.boot.test.autoconfigure.web.servlet.MockMvcAutoConfiguration, org.springframework.boot.test.autoconfigure.web.servlet.MockMvcWebClientAutoConfiguration, org.springframework.boot.test.autoconfigure.web.servlet.MockMvcWebDriverAutoConfiguration, org.springframework.boot.autoconfigure.security.oauth2.client.servlet.OAuth2ClientAutoConfiguration, org.springframework.boot.autoconfigure.security.oauth2.resource.servlet.OAuth2ResourceServerAutoConfiguration, org.springframework.boot.autoconfigure.security.servlet.SecurityAutoConfiguration, org.springframework.boot.autoconfigure.security.servlet.SecurityFilterAutoConfiguration, org.springframework.boot.autoconfigure.security.servlet.UserDetailsServiceAutoConfiguration, org.springframework.boot.test.autoconfigure.web.servlet.MockMvcSecurityConfiguration]], org.springframework.boot.test.context.filter.ExcludeFilterContextCustomizer@75bc8774, org.springframework.boot.test.json.DuplicateJsonObjectContextCustomizerFactory$DuplicateJsonObjectContextCustomizer@10fd2868, org.springframework.boot.test.mock.mockito.MockitoContextCustomizer@9fe7255c, org.springframework.boot.test.web.client.TestRestTemplateContextCustomizer@7e8ba1a6, org.springframework.boot.test.web.reactive.server.WebTestClientContextCustomizer@663ea0a2, org.springframework.boot.test.context.SpringBootTestArgs@1, org.springframework.boot.test.context.SpringBootTestWebEnvironment@287f9a2a], resourceBasePath = 'src/main/webapp', contextLoader = 'org.springframework.boot.test.context.SpringBootContextLoader', parent = [null]], attributes = map['org.springframework.test.context.web.ServletTestExecutionListener.activateListener' -> true]], class annotated with @DirtiesContext [true] with mode [AFTER_EACH_TEST_METHOD].
20:55:04.951 [Test worker] DEBUG org.springframework.test.context.support.TestPropertySourceUtils - Adding inlined properties to environment: {spring.jmx.enabled=false, org.springframework.boot.test.context.SpringBootTestContextBootstrapper=true}

  .   ____          _            __ _ _
 /\\ / ___'_ __ _ _(_)_ __  __ _ \ \ \ \
( ( )\___ | '_ | '_| | '_ \/ _` | \ \ \ \
 \\/  ___)| |_)| | | | | || (_| |  ) ) ) )
  '  |____| .__|_| |_|_| |_\__, | / / / /
 =========|_|==============|___/=/_/_/_/
 :: Spring Boot ::       (v2.4.0-SNAPSHOT)

2020-12-30 20:55:05.561  INFO 31720 --- [    Test worker] c.t.r.controllers.RewardsControllerIT    : Starting RewardsControllerIT using Java 14.0.2 on PC-LUDO-2020 with PID 31720 (started by Ludo in C:\Users\Ludo\Documents\Eclipse\workspace\TourGuide\TourGuide-Rewards)
2020-12-30 20:55:05.564  INFO 31720 --- [    Test worker] c.t.r.controllers.RewardsControllerIT    : The following profiles are active: dev
2020-12-30 20:55:07.413  INFO 31720 --- [    Test worker] o.s.cloud.context.scope.GenericScope     : BeanFactory id=f6bb44ac-16ff-34c3-804b-c033c26b0b2d
2020-12-30 20:55:09.627  INFO 31720 --- [    Test worker] o.s.b.a.e.web.EndpointLinksResolver      : Exposing 2 endpoint(s) beneath base path '/actuator'
2020-12-30 20:55:10.454  INFO 31720 --- [    Test worker] o.s.s.concurrent.ThreadPoolTaskExecutor  : Initializing ExecutorService 'applicationTaskExecutor'
2020-12-30 20:55:10.974  INFO 31720 --- [    Test worker] o.s.b.t.m.w.SpringBootMockServletContext : Initializing Spring TestDispatcherServlet ''
2020-12-30 20:55:10.976  INFO 31720 --- [    Test worker] o.s.t.web.servlet.TestDispatcherServlet  : Initializing Servlet ''
2020-12-30 20:55:10.978  INFO 31720 --- [    Test worker] o.s.t.web.servlet.TestDispatcherServlet  : Completed initialization in 1 ms
2020-12-30 20:55:11.622  INFO 31720 --- [    Test worker] c.t.r.controllers.RewardsControllerIT    : Started RewardsControllerIT in 6.657 seconds (JVM running for 9.083)
2020-12-30 20:55:11.698  INFO 31720 --- [    Test worker] o.s.b.t.m.w.SpringBootMockServletContext : Initializing Spring TestDispatcherServlet ''
2020-12-30 20:55:11.698  INFO 31720 --- [    Test worker] o.s.t.web.servlet.TestDispatcherServlet  : Initializing Servlet ''
2020-12-30 20:55:11.699  INFO 31720 --- [    Test worker] o.s.t.web.servlet.TestDispatcherServlet  : Completed initialization in 1 ms

MockHttpServletRequest:
      HTTP Method = GET
      Request URI = /rewards/getAttractionRewards/3fe2b1fa-28f3-11eb-adc1-0242ac120002/45f41782-28f3-11eb-adc1-0242ac120002
       Parameters = {}
          Headers = [Content-Type:"application/json"]
             Body = <no character encoding set>
    Session Attrs = {}

Handler:
             Type = com.tourGuide.rewards.controllers.RewardsController
           Method = com.tourGuide.rewards.controllers.RewardsController#getAttractionRewards(UUID, UUID)

Async:
    Async started = false
     Async result = null

Resolved Exception:
             Type = null

ModelAndView:
        View name = null
             View = null
            Model = null

FlashMap:
       Attributes = null

MockHttpServletResponse:
           Status = 200
    Error message = null
          Headers = [Content-Type:"application/json"]
     Content type = application/json
             Body = 0
    Forwarded URL = null
   Redirected URL = null
          Cookies = []
2020-12-30 20:55:11.815  INFO 31720 --- [    Test worker] o.s.s.concurrent.ThreadPoolTaskExecutor  : Shutting down ExecutorService 'applicationTaskExecutor'

  .   ____          _            __ _ _
 /\\ / ___'_ __ _ _(_)_ __  __ _ \ \ \ \
( ( )\___ | '_ | '_| | '_ \/ _` | \ \ \ \
 \\/  ___)| |_)| | | | | || (_| |  ) ) ) )
  '  |____| .__|_| |_|_| |_\__, | / / / /
 =========|_|==============|___/=/_/_/_/
 :: Spring Boot ::       (v2.4.0-SNAPSHOT)

2020-12-30 20:55:11.898  INFO 31720 --- [    Test worker] c.t.r.controllers.RewardsControllerIT    : Starting RewardsControllerIT using Java 14.0.2 on PC-LUDO-2020 with PID 31720 (started by Ludo in C:\Users\Ludo\Documents\Eclipse\workspace\TourGuide\TourGuide-Rewards)
2020-12-30 20:55:11.899  INFO 31720 --- [    Test worker] c.t.r.controllers.RewardsControllerIT    : The following profiles are active: dev
2020-12-30 20:55:12.466  INFO 31720 --- [    Test worker] o.s.cloud.context.scope.GenericScope     : BeanFactory id=f6bb44ac-16ff-34c3-804b-c033c26b0b2d
2020-12-30 20:55:13.051  INFO 31720 --- [    Test worker] o.s.b.a.e.web.EndpointLinksResolver      : Exposing 2 endpoint(s) beneath base path '/actuator'
2020-12-30 20:55:13.393  INFO 31720 --- [    Test worker] o.s.s.concurrent.ThreadPoolTaskExecutor  : Initializing ExecutorService 'applicationTaskExecutor'
2020-12-30 20:55:13.631  INFO 31720 --- [    Test worker] o.s.b.t.m.w.SpringBootMockServletContext : Initializing Spring TestDispatcherServlet ''
2020-12-30 20:55:13.632  INFO 31720 --- [    Test worker] o.s.t.web.servlet.TestDispatcherServlet  : Initializing Servlet ''
2020-12-30 20:55:13.634  INFO 31720 --- [    Test worker] o.s.t.web.servlet.TestDispatcherServlet  : Completed initialization in 2 ms
2020-12-30 20:55:14.009  INFO 31720 --- [    Test worker] c.t.r.controllers.RewardsControllerIT    : Started RewardsControllerIT in 2.182 seconds (JVM running for 11.471)
2020-12-30 20:55:14.025  INFO 31720 --- [    Test worker] o.s.b.t.m.w.SpringBootMockServletContext : Initializing Spring TestDispatcherServlet ''
2020-12-30 20:55:14.026  INFO 31720 --- [    Test worker] o.s.t.web.servlet.TestDispatcherServlet  : Initializing Servlet ''
2020-12-30 20:55:14.028  INFO 31720 --- [    Test worker] o.s.t.web.servlet.TestDispatcherServlet  : Completed initialization in 1 ms

MockHttpServletRequest:
      HTTP Method = GET
      Request URI = /rewards/getAttractionRewards/3fe2b1fa-28f3-11eb-adc1-0242ac120002/
       Parameters = {}
          Headers = [Content-Type:"application/json"]
             Body = <no character encoding set>
    Session Attrs = {}

Handler:
             Type = org.springframework.web.servlet.resource.ResourceHttpRequestHandler

Async:
    Async started = false
     Async result = null

Resolved Exception:
             Type = null

ModelAndView:
        View name = null
             View = null
            Model = null

FlashMap:
       Attributes = null

MockHttpServletResponse:
           Status = 404
    Error message = null
          Headers = [Vary:"Origin", "Access-Control-Request-Method", "Access-Control-Request-Headers"]
     Content type = null
             Body = 
    Forwarded URL = null
   Redirected URL = null
          Cookies = []
2020-12-30 20:55:14.049  INFO 31720 --- [    Test worker] o.s.s.concurrent.ThreadPoolTaskExecutor  : Shutting down ExecutorService 'applicationTaskExecutor'

  .   ____          _            __ _ _
 /\\ / ___'_ __ _ _(_)_ __  __ _ \ \ \ \
( ( )\___ | '_ | '_| | '_ \/ _` | \ \ \ \
 \\/  ___)| |_)| | | | | || (_| |  ) ) ) )
  '  |____| .__|_| |_|_| |_\__, | / / / /
 =========|_|==============|___/=/_/_/_/
 :: Spring Boot ::       (v2.4.0-SNAPSHOT)

2020-12-30 20:55:14.179  INFO 31720 --- [    Test worker] c.t.r.controllers.RewardsControllerIT    : Starting RewardsControllerIT using Java 14.0.2 on PC-LUDO-2020 with PID 31720 (started by Ludo in C:\Users\Ludo\Documents\Eclipse\workspace\TourGuide\TourGuide-Rewards)
2020-12-30 20:55:14.180  INFO 31720 --- [    Test worker] c.t.r.controllers.RewardsControllerIT    : The following profiles are active: dev
2020-12-30 20:55:14.794  INFO 31720 --- [    Test worker] o.s.cloud.context.scope.GenericScope     : BeanFactory id=f6bb44ac-16ff-34c3-804b-c033c26b0b2d
2020-12-30 20:55:15.280  INFO 31720 --- [    Test worker] o.s.b.a.e.web.EndpointLinksResolver      : Exposing 2 endpoint(s) beneath base path '/actuator'
2020-12-30 20:55:15.546  INFO 31720 --- [    Test worker] o.s.s.concurrent.ThreadPoolTaskExecutor  : Initializing ExecutorService 'applicationTaskExecutor'
2020-12-30 20:55:15.759  INFO 31720 --- [    Test worker] o.s.b.t.m.w.SpringBootMockServletContext : Initializing Spring TestDispatcherServlet ''
2020-12-30 20:55:15.759  INFO 31720 --- [    Test worker] o.s.t.web.servlet.TestDispatcherServlet  : Initializing Servlet ''
2020-12-30 20:55:15.760  INFO 31720 --- [    Test worker] o.s.t.web.servlet.TestDispatcherServlet  : Completed initialization in 1 ms
2020-12-30 20:55:15.978  INFO 31720 --- [    Test worker] c.t.r.controllers.RewardsControllerIT    : Started RewardsControllerIT in 1.923 seconds (JVM running for 13.44)
2020-12-30 20:55:15.988  INFO 31720 --- [    Test worker] o.s.b.t.m.w.SpringBootMockServletContext : Initializing Spring TestDispatcherServlet ''
2020-12-30 20:55:15.989  INFO 31720 --- [    Test worker] o.s.t.web.servlet.TestDispatcherServlet  : Initializing Servlet ''
2020-12-30 20:55:15.990  INFO 31720 --- [    Test worker] o.s.t.web.servlet.TestDispatcherServlet  : Completed initialization in 1 ms

MockHttpServletRequest:
      HTTP Method = POST
      Request URI = /rewards/calculateRewards
       Parameters = {}
          Headers = [Content-Type:"application/json", Content-Length:"88"]
             Body = <no character encoding set>
    Session Attrs = {}

Handler:
             Type = com.tourGuide.rewards.controllers.RewardsController
           Method = com.tourGuide.rewards.controllers.RewardsController#calculateRewards(UserRewardsDto)

Async:
    Async started = false
     Async result = null

Resolved Exception:
             Type = null

ModelAndView:
        View name = null
             View = null
            Model = null

FlashMap:
       Attributes = null

MockHttpServletResponse:
           Status = 200
    Error message = null
          Headers = [Content-Type:"application/json"]
     Content type = application/json
             Body = []
    Forwarded URL = null
   Redirected URL = null
          Cookies = []
2020-12-30 20:55:16.093  INFO 31720 --- [    Test worker] o.s.s.concurrent.ThreadPoolTaskExecutor  : Shutting down ExecutorService 'applicationTaskExecutor'

  .   ____          _            __ _ _
 /\\ / ___'_ __ _ _(_)_ __  __ _ \ \ \ \
( ( )\___ | '_ | '_| | '_ \/ _` | \ \ \ \
 \\/  ___)| |_)| | | | | || (_| |  ) ) ) )
  '  |____| .__|_| |_|_| |_\__, | / / / /
 =========|_|==============|___/=/_/_/_/
 :: Spring Boot ::       (v2.4.0-SNAPSHOT)

2020-12-30 20:55:16.165  INFO 31720 --- [    Test worker] c.t.r.controllers.RewardsControllerIT    : Starting RewardsControllerIT using Java 14.0.2 on PC-LUDO-2020 with PID 31720 (started by Ludo in C:\Users\Ludo\Documents\Eclipse\workspace\TourGuide\TourGuide-Rewards)
2020-12-30 20:55:16.165  INFO 31720 --- [    Test worker] c.t.r.controllers.RewardsControllerIT    : The following profiles are active: dev
2020-12-30 20:55:16.608  INFO 31720 --- [    Test worker] o.s.cloud.context.scope.GenericScope     : BeanFactory id=f6bb44ac-16ff-34c3-804b-c033c26b0b2d
2020-12-30 20:55:17.004  INFO 31720 --- [    Test worker] o.s.b.a.e.web.EndpointLinksResolver      : Exposing 2 endpoint(s) beneath base path '/actuator'
2020-12-30 20:55:17.236  INFO 31720 --- [    Test worker] o.s.s.concurrent.ThreadPoolTaskExecutor  : Initializing ExecutorService 'applicationTaskExecutor'
2020-12-30 20:55:17.432  INFO 31720 --- [    Test worker] o.s.b.t.m.w.SpringBootMockServletContext : Initializing Spring TestDispatcherServlet ''
2020-12-30 20:55:17.432  INFO 31720 --- [    Test worker] o.s.t.web.servlet.TestDispatcherServlet  : Initializing Servlet ''
2020-12-30 20:55:17.433  INFO 31720 --- [    Test worker] o.s.t.web.servlet.TestDispatcherServlet  : Completed initialization in 1 ms
2020-12-30 20:55:17.638  INFO 31720 --- [    Test worker] c.t.r.controllers.RewardsControllerIT    : Started RewardsControllerIT in 1.54 seconds (JVM running for 15.1)
2020-12-30 20:55:17.644  INFO 31720 --- [    Test worker] o.s.b.t.m.w.SpringBootMockServletContext : Initializing Spring TestDispatcherServlet ''
2020-12-30 20:55:17.644  INFO 31720 --- [    Test worker] o.s.t.web.servlet.TestDispatcherServlet  : Initializing Servlet ''
2020-12-30 20:55:17.645  INFO 31720 --- [    Test worker] o.s.t.web.servlet.TestDispatcherServlet  : Completed initialization in 1 ms

MockHttpServletRequest:
      HTTP Method = GET
      Request URI = /rewards/getAttractionRewards/45f41782-28f3-11eb-adc1-0242ac120002
       Parameters = {}
          Headers = [Content-Type:"application/json"]
             Body = <no character encoding set>
    Session Attrs = {}

Handler:
             Type = org.springframework.web.servlet.resource.ResourceHttpRequestHandler

Async:
    Async started = false
     Async result = null

Resolved Exception:
             Type = null

ModelAndView:
        View name = null
             View = null
            Model = null

FlashMap:
       Attributes = null

MockHttpServletResponse:
           Status = 404
    Error message = null
          Headers = [Vary:"Origin", "Access-Control-Request-Method", "Access-Control-Request-Headers"]
     Content type = null
             Body = 
    Forwarded URL = null
   Redirected URL = null
          Cookies = []
2020-12-30 20:55:17.656  INFO 31720 --- [    Test worker] o.s.s.concurrent.ThreadPoolTaskExecutor  : Shutting down ExecutorService 'applicationTaskExecutor'
]]></system-out>
  <system-err><![CDATA[]]></system-err>
</testsuite>
