<?xml version="1.0" encoding="UTF-8"?>
<testsuite name="com.tourGuide.rewards.util.DistanceCalculatorTest" tests="5" skipped="0" failures="0" errors="0" timestamp="2020-12-30T19:55:20" hostname="PC-LUDO-2020" time="0.032">
  <properties/>
  <testcase name="Is Near Attraction - False" classname="com.tourGuide.rewards.util.DistanceCalculatorTest" time="0.007"/>
  <testcase name="isWithinAttractionProximity - True" classname="com.tourGuide.rewards.util.DistanceCalculatorTest" time="0.005"/>
  <testcase name="isWithinAttractionProximity - False" classname="com.tourGuide.rewards.util.DistanceCalculatorTest" time="0.005"/>
  <testcase name="Get distance in Miles - OK" classname="com.tourGuide.rewards.util.DistanceCalculatorTest" time="0.006"/>
  <testcase name="Is Near Attraction - True" classname="com.tourGuide.rewards.util.DistanceCalculatorTest" time="0.005"/>
  <system-out><![CDATA[2020-12-30 20:55:20.851  INFO 31720 --- [    Test worker] .b.t.c.SpringBootTestContextBootstrapper : Neither @ContextConfiguration nor @ContextHierarchy found for test class [com.tourGuide.rewards.util.DistanceCalculatorTest], using SpringBootContextLoader
2020-12-30 20:55:20.852  INFO 31720 --- [    Test worker] o.s.t.c.support.AbstractContextLoader    : Could not detect default resource locations for test class [com.tourGuide.rewards.util.DistanceCalculatorTest]: no resource found for suffixes {-context.xml, Context.groovy}.
2020-12-30 20:55:20.852  INFO 31720 --- [    Test worker] t.c.s.AnnotationConfigContextLoaderUtils : Could not detect default configuration classes for test class [com.tourGuide.rewards.util.DistanceCalculatorTest]: DistanceCalculatorTest does not declare any static, non-private, non-final, nested classes annotated with @Configuration.
2020-12-30 20:55:20.858  INFO 31720 --- [    Test worker] .b.t.c.SpringBootTestContextBootstrapper : Found @SpringBootConfiguration com.tourGuide.rewards.RewardsApplication for test class com.tourGuide.rewards.util.DistanceCalculatorTest
2020-12-30 20:55:20.860  INFO 31720 --- [    Test worker] .b.t.c.SpringBootTestContextBootstrapper : Loaded default TestExecutionListener class names from location [META-INF/spring.factories]: [org.springframework.boot.test.autoconfigure.restdocs.RestDocsTestExecutionListener, org.springframework.boot.test.autoconfigure.web.client.MockRestServiceServerResetTestExecutionListener, org.springframework.boot.test.autoconfigure.web.servlet.MockMvcPrintOnlyOnFailureTestExecutionListener, org.springframework.boot.test.autoconfigure.web.servlet.WebDriverTestExecutionListener, org.springframework.boot.test.autoconfigure.webservices.client.MockWebServiceServerTestExecutionListener, org.springframework.boot.test.mock.mockito.MockitoTestExecutionListener, org.springframework.boot.test.mock.mockito.ResetMocksTestExecutionListener, org.springframework.test.context.web.ServletTestExecutionListener, org.springframework.test.context.support.DirtiesContextBeforeModesTestExecutionListener, org.springframework.test.context.support.DependencyInjectionTestExecutionListener, org.springframework.test.context.support.DirtiesContextTestExecutionListener, org.springframework.test.context.transaction.TransactionalTestExecutionListener, org.springframework.test.context.jdbc.SqlScriptsTestExecutionListener, org.springframework.test.context.event.EventPublishingTestExecutionListener]
2020-12-30 20:55:20.861  INFO 31720 --- [    Test worker] .b.t.c.SpringBootTestContextBootstrapper : Using TestExecutionListeners: [org.springframework.test.context.web.ServletTestExecutionListener@9ff7350, org.springframework.test.context.support.DirtiesContextBeforeModesTestExecutionListener@6cc2b870, org.springframework.boot.test.mock.mockito.MockitoTestExecutionListener@5e1f7e0e, org.springframework.boot.test.autoconfigure.SpringBootDependencyInjectionTestExecutionListener@5bb230b0, org.springframework.test.context.support.DirtiesContextTestExecutionListener@2925bd65, org.springframework.test.context.event.EventPublishingTestExecutionListener@50dd8109, org.springframework.boot.test.autoconfigure.restdocs.RestDocsTestExecutionListener@75177a12, org.springframework.boot.test.autoconfigure.web.client.MockRestServiceServerResetTestExecutionListener@3f6ae3b0, org.springframework.boot.test.autoconfigure.web.servlet.MockMvcPrintOnlyOnFailureTestExecutionListener@3ba0afad, org.springframework.boot.test.autoconfigure.web.servlet.WebDriverTestExecutionListener@749a419, org.springframework.boot.test.autoconfigure.webservices.client.MockWebServiceServerTestExecutionListener@49c09908, org.springframework.boot.test.mock.mockito.ResetMocksTestExecutionListener@215f94e3]
]]></system-out>
  <system-err><![CDATA[]]></system-err>
</testsuite>
