<?xml version="1.0" encoding="UTF-8"?>
<testsuite name="com.tourGuide.rewards.services.RewardsServiceTest" tests="8" skipped="0" failures="0" errors="0" timestamp="2020-12-30T19:55:20" hostname="PC-LUDO-2020" time="0.139">
  <properties/>
  <testcase name="Get Attraction Rewards - ERROR - Null attraction UUID" classname="com.tourGuide.rewards.services.RewardsServiceTest" time="0.074"/>
  <testcase name="Calculate Rewards - Ok" classname="com.tourGuide.rewards.services.RewardsServiceTest" time="0.017"/>
  <testcase name="Get Attraction Rewards - Ok" classname="com.tourGuide.rewards.services.RewardsServiceTest" time="0.005"/>
  <testcase name="Calculate Rewards - Ok - Differents attractions" classname="com.tourGuide.rewards.services.RewardsServiceTest" time="0.008"/>
  <testcase name="Calculate Rewards - Ok - Same attraction" classname="com.tourGuide.rewards.services.RewardsServiceTest" time="0.008"/>
  <testcase name="Calculate Rewards - Error- Rewards with different attraction" classname="com.tourGuide.rewards.services.RewardsServiceTest" time="0.008"/>
  <testcase name="Get Attraction Rewards - ERROR - Null user UUID" classname="com.tourGuide.rewards.services.RewardsServiceTest" time="0.005"/>
  <testcase name="Calculate Rewards - Error - isNearAttraction false" classname="com.tourGuide.rewards.services.RewardsServiceTest" time="0.006"/>
  <system-out><![CDATA[2020-12-30 20:55:19.357  INFO 31720 --- [    Test worker] .b.t.c.SpringBootTestContextBootstrapper : Neither @ContextConfiguration nor @ContextHierarchy found for test class [com.tourGuide.rewards.services.RewardsServiceTest], using SpringBootContextLoader
2020-12-30 20:55:19.358  INFO 31720 --- [    Test worker] o.s.t.c.support.AbstractContextLoader    : Could not detect default resource locations for test class [com.tourGuide.rewards.services.RewardsServiceTest]: no resource found for suffixes {-context.xml, Context.groovy}.
2020-12-30 20:55:19.358  INFO 31720 --- [    Test worker] t.c.s.AnnotationConfigContextLoaderUtils : Could not detect default configuration classes for test class [com.tourGuide.rewards.services.RewardsServiceTest]: RewardsServiceTest does not declare any static, non-private, non-final, nested classes annotated with @Configuration.
2020-12-30 20:55:19.363  INFO 31720 --- [    Test worker] .b.t.c.SpringBootTestContextBootstrapper : Found @SpringBootConfiguration com.tourGuide.rewards.RewardsApplication for test class com.tourGuide.rewards.services.RewardsServiceTest
2020-12-30 20:55:19.365  INFO 31720 --- [    Test worker] .b.t.c.SpringBootTestContextBootstrapper : Loaded default TestExecutionListener class names from location [META-INF/spring.factories]: [org.springframework.boot.test.autoconfigure.restdocs.RestDocsTestExecutionListener, org.springframework.boot.test.autoconfigure.web.client.MockRestServiceServerResetTestExecutionListener, org.springframework.boot.test.autoconfigure.web.servlet.MockMvcPrintOnlyOnFailureTestExecutionListener, org.springframework.boot.test.autoconfigure.web.servlet.WebDriverTestExecutionListener, org.springframework.boot.test.autoconfigure.webservices.client.MockWebServiceServerTestExecutionListener, org.springframework.boot.test.mock.mockito.MockitoTestExecutionListener, org.springframework.boot.test.mock.mockito.ResetMocksTestExecutionListener, org.springframework.test.context.web.ServletTestExecutionListener, org.springframework.test.context.support.DirtiesContextBeforeModesTestExecutionListener, org.springframework.test.context.support.DependencyInjectionTestExecutionListener, org.springframework.test.context.support.DirtiesContextTestExecutionListener, org.springframework.test.context.transaction.TransactionalTestExecutionListener, org.springframework.test.context.jdbc.SqlScriptsTestExecutionListener, org.springframework.test.context.event.EventPublishingTestExecutionListener]
2020-12-30 20:55:19.366  INFO 31720 --- [    Test worker] .b.t.c.SpringBootTestContextBootstrapper : Using TestExecutionListeners: [org.springframework.test.context.web.ServletTestExecutionListener@218a88bb, org.springframework.test.context.support.DirtiesContextBeforeModesTestExecutionListener@b4af082, org.springframework.boot.test.mock.mockito.MockitoTestExecutionListener@30f5430b, org.springframework.boot.test.autoconfigure.SpringBootDependencyInjectionTestExecutionListener@36b97c87, org.springframework.test.context.support.DirtiesContextTestExecutionListener@4303e5bb, org.springframework.test.context.event.EventPublishingTestExecutionListener@1f91c3b9, org.springframework.boot.test.autoconfigure.restdocs.RestDocsTestExecutionListener@5e6365b, org.springframework.boot.test.autoconfigure.web.client.MockRestServiceServerResetTestExecutionListener@78463f24, org.springframework.boot.test.autoconfigure.web.servlet.MockMvcPrintOnlyOnFailureTestExecutionListener@243423aa, org.springframework.boot.test.autoconfigure.web.servlet.WebDriverTestExecutionListener@3529a09e, org.springframework.boot.test.autoconfigure.webservices.client.MockWebServiceServerTestExecutionListener@1c90c8e, org.springframework.boot.test.mock.mockito.ResetMocksTestExecutionListener@483fac8c]

  .   ____          _            __ _ _
 /\\ / ___'_ __ _ _(_)_ __  __ _ \ \ \ \
( ( )\___ | '_ | '_| | '_ \/ _` | \ \ \ \
 \\/  ___)| |_)| | | | | || (_| |  ) ) ) )
  '  |____| .__|_| |_|_| |_\__, | / / / /
 =========|_|==============|___/=/_/_/_/
 :: Spring Boot ::       (v2.4.0-SNAPSHOT)

2020-12-30 20:55:19.421  INFO 31720 --- [    Test worker] c.t.rewards.services.RewardsServiceTest  : Starting RewardsServiceTest using Java 14.0.2 on PC-LUDO-2020 with PID 31720 (started by Ludo in C:\Users\Ludo\Documents\Eclipse\workspace\TourGuide\TourGuide-Rewards)
2020-12-30 20:55:19.421  INFO 31720 --- [    Test worker] c.t.rewards.services.RewardsServiceTest  : The following profiles are active: dev
2020-12-30 20:55:19.757  INFO 31720 --- [    Test worker] o.s.cloud.context.scope.GenericScope     : BeanFactory id=f7b6ab52-de19-371a-9912-7a5f32bca41c
2020-12-30 20:55:20.133  INFO 31720 --- [    Test worker] o.s.b.a.e.web.EndpointLinksResolver      : Exposing 2 endpoint(s) beneath base path '/actuator'
2020-12-30 20:55:20.367  INFO 31720 --- [    Test worker] o.s.s.concurrent.ThreadPoolTaskExecutor  : Initializing ExecutorService 'applicationTaskExecutor'
2020-12-30 20:55:20.704  INFO 31720 --- [    Test worker] c.t.rewards.services.RewardsServiceTest  : Started RewardsServiceTest in 1.336 seconds (JVM running for 18.166)
]]></system-out>
  <system-err><![CDATA[]]></system-err>
</testsuite>
